SIM_TRACE_LOG:1,0,2.8804,-0.2676,-1.8558,0.00,0.00,0,1.0000,False,True,0.6100,10,22.92,1564723010.585683
SIM_TRACE_LOG:1,1,2.8798,-0.2695,-1.8559,-0.19,1.75,2,2.7500,False,True,0.6186,10,22.92,1564723010.647956
SIM_TRACE_LOG:1,2,2.8759,-0.2819,-1.8579,-0.19,3.50,3,4.5000,False,True,0.6753,10,22.92,1564723010.6954725
SIM_TRACE_LOG:1,3,2.8645,-0.3150,-1.8673,-0.19,3.50,3,4.5000,False,True,0.8280,10,22.92,1564723010.7794585
SIM_TRACE_LOG:1,4,2.8493,-0.3545,-1.8855,-0.38,3.50,1,4.5000,False,True,1.0097,10,22.92,1564723010.8578625
SIM_TRACE_LOG:1,5,2.8287,-0.4004,-1.9195,-0.19,1.75,2,2.7500,False,True,1.2291,11,22.92,1564723010.9183266
SIM_TRACE_LOG:1,6,2.8004,-0.4586,-1.9587,-0.19,1.75,2,2.7500,False,True,1.5079,11,22.92,1564723010.9744437
SIM_TRACE_LOG:1,7,2.7833,-0.4924,-1.9791,0.19,1.75,6,2.7500,False,True,1.6726,11,22.92,1564723011.0571055
SIM_TRACE_LOG:1,8,2.7655,-0.5267,-1.9959,-0.19,1.75,2,2.7500,False,True,1.8410,12,22.92,1564723011.1389213
SIM_TRACE_LOG:1,9,2.7495,-0.5560,-2.0115,-0.19,1.75,2,2.7500,False,True,1.9867,12,22.92,1564723011.2071598
SIM_TRACE_LOG:1,10,2.7307,-0.5884,-2.0310,-0.19,1.75,2,0.5000,False,True,2.1425,12,22.92,1564723011.2659514
SIM_TRACE_LOG:1,11,2.7139,-0.6162,-2.0482,0.38,3.50,9,4.5000,False,True,2.2838,12,22.92,1564723011.3372703
SIM_TRACE_LOG:1,12,2.6838,-0.6684,-2.0640,-0.38,3.50,1,4.5000,False,True,2.5451,13,22.92,1564723011.414592
SIM_TRACE_LOG:1,13,2.6548,-0.7145,-2.0897,-0.19,1.75,2,0.5000,False,True,2.7685,13,22.92,1564723011.491415
SIM_TRACE_LOG:1,14,2.6282,-0.7540,-2.1111,-0.38,1.75,0,0.5000,False,True,2.9743,14,22.92,1564723011.5453668
SIM_TRACE_LOG:1,15,2.6010,-0.7902,-2.1389,0.00,3.50,5,4.5000,False,True,3.1710,14,22.92,1564723011.6107488
SIM_TRACE_LOG:1,16,2.5505,-0.8557,-2.1789,0.00,3.50,5,0.5000,False,True,3.5135,14,22.92,1564723011.6999938
SIM_TRACE_LOG:1,17,2.4941,-0.9254,-2.2128,0.00,3.50,5,0.5000,False,True,3.8882,15,22.92,1564723011.794941
SIM_TRACE_LOG:1,18,2.4538,-0.9734,-2.2328,0.38,3.50,9,0.5000,False,True,4.1582,16,22.92,1564723011.8424778
SIM_TRACE_LOG:1,19,2.4215,-1.0140,-2.2352,0.19,3.50,7,0.5000,False,True,4.3812,16,22.92,1564723011.8945816
SIM_TRACE_LOG:1,20,2.3792,-1.0660,-2.2416,0.00,3.50,5,0.5000,False,True,4.6662,16,22.92,1564723011.9753776
SIM_TRACE_LOG:1,21,2.3356,-1.1184,-2.2521,0.00,1.75,4,0.5000,False,True,4.9595,17,22.92,1564723012.0361
SIM_TRACE_LOG:1,22,2.2995,-1.1614,-2.2578,0.38,3.50,9,4.5000,False,True,5.2226,17,22.92,1564723012.1009488
SIM_TRACE_LOG:1,23,2.2556,-1.2186,-2.2446,0.38,3.50,9,4.5000,False,True,5.5331,18,22.92,1564723012.176261
SIM_TRACE_LOG:1,24,2.2109,-1.2811,-2.2219,-0.19,1.75,2,2.7500,False,True,5.9192,19,22.92,1564723012.2586646
SIM_TRACE_LOG:1,25,2.1779,-1.3262,-2.2157,0.38,1.75,8,2.7500,False,True,6.2481,19,22.92,1564723012.3222942
SIM_TRACE_LOG:1,26,2.1544,-1.3622,-2.1969,0.38,1.75,8,2.7500,False,True,6.4353,19,22.92,1564723012.3919508
SIM_TRACE_LOG:1,27,2.1317,-1.4003,-2.1732,0.38,1.75,8,2.7500,False,True,6.6288,20,22.92,1564723012.4614928
SIM_TRACE_LOG:1,28,2.1154,-1.4311,-2.1480,0.38,1.75,8,2.7500,False,True,6.8886,20,22.92,1564723012.5376368
SIM_TRACE_LOG:1,29,2.0978,-1.4694,-2.1101,0.38,3.50,9,4.5000,False,True,7.0724,20,22.92,1564723012.6007261
SIM_TRACE_LOG:1,30,2.0844,-1.5028,-2.0706,0.38,1.75,8,2.7500,False,True,7.2294,21,22.92,1564723012.6683824
SIM_TRACE_LOG:1,31,2.0705,-1.5455,-2.0198,0.38,3.50,9,0.5000,False,True,7.5434,21,22.92,1564723012.7298565
SIM_TRACE_LOG:1,32,2.0580,-1.5956,-1.9568,0.38,3.50,9,4.5000,False,True,7.7685,22,22.92,1564723012.811666
SIM_TRACE_LOG:1,33,2.0476,-1.6552,-1.8813,0.19,3.50,7,0.5000,False,True,8.1525,22,22.92,1564723012.8705137
SIM_TRACE_LOG:1,34,2.0401,-1.7172,-1.8203,0.38,3.50,9,0.5000,False,True,8.4245,23,22.92,1564723012.942464
SIM_TRACE_LOG:1,35,2.0372,-1.7939,-1.7331,0.38,3.50,9,0.5000,False,True,8.8748,24,22.92,1564723013.0172484
SIM_TRACE_LOG:1,36,2.0402,-1.8508,-1.6610,0.38,1.75,8,0.5000,False,True,9.2352,24,22.92,1564723013.0800602
SIM_TRACE_LOG:1,37,2.0473,-1.9042,-1.5885,-0.19,3.50,3,0.5000,False,True,9.4640,25,22.92,1564723013.1458106
SIM_TRACE_LOG:1,38,2.0594,-1.9773,-1.5103,0.19,3.50,7,0.5000,False,True,9.8679,25,22.92,1564723013.2264726
SIM_TRACE_LOG:1,39,2.0750,-2.0446,-1.4458,-0.38,3.50,1,0.5000,False,True,10.1512,26,22.92,1564723013.2864623
SIM_TRACE_LOG:1,40,2.0926,-2.1180,-1.4021,0.38,1.75,8,0.5000,False,True,10.4984,26,22.92,1564723013.3699865
SIM_TRACE_LOG:1,41,2.1123,-2.1811,-1.3502,-0.19,3.50,3,0.5000,False,True,10.7526,27,22.92,1564723013.437563
SIM_TRACE_LOG:1,42,2.1347,-2.2501,-1.3137,0.38,3.50,9,0.5000,False,True,11.0038,27,22.92,1564723013.5153131
SIM_TRACE_LOG:1,43,2.1590,-2.3117,-1.2688,-0.38,3.50,1,0.5000,False,True,11.2381,28,22.92,1564723013.5746284
SIM_TRACE_LOG:1,44,2.1812,-2.3667,-1.2415,-0.19,3.50,3,0.5000,False,True,11.4493,28,22.92,1564723013.6477504
SIM_TRACE_LOG:1,45,2.2088,-2.4331,-1.2160,0.19,3.50,7,0.5000,False,True,11.5868,28,22.92,1564723013.707367
SIM_TRACE_LOG:1,46,2.2370,-2.4938,-1.1859,0.19,1.75,6,0.5000,False,True,11.8014,29,22.92,1564723013.7937586
SIM_TRACE_LOG:1,47,2.2645,-2.5473,-1.1510,0.00,1.75,4,0.5000,False,True,12.0010,29,22.92,1564723013.8537638
SIM_TRACE_LOG:1,48,2.2883,-2.5903,-1.1243,0.19,1.75,6,0.5000,False,False,12.0682,29,22.92,1564723013.933289
SIM_TRACE_LOG:1,49,2.3136,-2.6318,-1.0919,0.00,1.75,4,0.5000,False,False,12.1514,29,22.92,1564723013.9963315
SIM_TRACE_LOG:1,50,2.3307,-2.6598,-1.0600,0.38,3.50,9,0.5000,False,False,12.2538,29,22.92,1564723014.0527296
SIM_TRACE_LOG:1,51,2.3708,-2.7166,-1.0164,0.19,1.75,6,0.5000,False,False,12.4843,30,22.92,1564723014.1536372
SIM_TRACE_LOG:1,52,2.3896,-2.7427,-0.9937,-0.19,1.75,2,0.5000,False,False,12.5917,30,22.92,1564723014.2033515
SIM_TRACE_LOG:1,53,2.4079,-2.7679,-0.9840,0.38,1.75,8,0.5000,False,False,12.6523,30,22.92,1564723014.2806258
SIM_TRACE_LOG:1,54,2.4295,-2.7964,-0.9689,-0.19,1.75,2,0.5000,False,False,12.6523,30,22.92,1564723014.3463712
SIM_TRACE_LOG:1,55,2.4501,-2.8234,-0.9576,0.00,1.75,4,0.5000,False,False,12.7320,30,22.92,1564723014.4245505
SIM_TRACE_LOG:1,56,2.4730,-2.8534,-0.9480,-0.19,3.50,3,0.0000,True,False,12.8502,30,22.92,1564723014.4907908
