SIM_TRACE_LOG:39,0,3.3834,0.3274,0.4044,0.00,0.00,0,0.0000,False,True,0.6394,164,21.88,1564123122.4954724
SIM_TRACE_LOG:39,1,3.3839,0.3276,0.4041,0.19,7.00,11,7.0000,False,True,0.6421,164,21.88,1564123122.5625558
SIM_TRACE_LOG:39,2,3.3922,0.3315,0.4096,-0.19,2.33,3,2.3333,False,True,0.6836,164,21.88,1564123122.6219027
SIM_TRACE_LOG:39,3,3.4168,0.3419,0.4125,-0.38,7.00,2,7.0000,False,True,0.8053,164,21.88,1564123122.699143
SIM_TRACE_LOG:39,4,3.4556,0.3568,0.3993,0.38,4.67,13,4.6667,False,True,0.9945,164,21.88,1564123122.764342
SIM_TRACE_LOG:39,5,3.4934,0.3721,0.3962,-0.19,4.67,4,4.6667,False,True,1.1802,165,21.88,1564123122.8328707
SIM_TRACE_LOG:39,6,3.5581,0.3972,0.3859,-0.38,4.67,1,4.6667,False,True,1.5017,165,21.88,1564123122.9032297
SIM_TRACE_LOG:39,7,3.6266,0.4201,0.3591,0.38,7.00,14,7.0000,False,True,1.8306,166,21.88,1564123122.9757369
SIM_TRACE_LOG:39,8,3.7293,0.4529,0.3321,0.19,4.67,10,4.6667,False,True,2.3360,166,21.88,1564123123.0486565
SIM_TRACE_LOG:39,9,3.8031,0.4760,0.3205,-0.19,7.00,5,7.0000,False,True,2.7045,167,21.88,1564123123.1048477
SIM_TRACE_LOG:39,10,3.8963,0.5044,0.3011,0.19,2.33,9,2.3333,False,True,3.1470,168,21.88,1564123123.1747837
SIM_TRACE_LOG:39,11,4.0074,0.5361,0.2846,0.19,4.67,10,21.7778,False,True,3.6738,169,21.88,1564123123.2651083
SIM_TRACE_LOG:39,12,4.1005,0.5627,0.2821,-0.19,2.33,3,5.4444,False,True,4.1029,169,21.88,1564123123.332738
SIM_TRACE_LOG:39,13,4.1669,0.5801,0.2705,0.19,4.67,10,21.7778,False,True,4.4093,170,21.88,1564123123.3732166
SIM_TRACE_LOG:39,14,4.2600,0.6059,0.2689,-0.19,7.00,5,49.0000,False,True,4.8237,171,21.88,1564123123.4594162
SIM_TRACE_LOG:39,15,4.3559,0.6305,0.2570,0.19,4.67,10,4.6667,False,True,5.2430,0,21.88,1564123123.5261292
SIM_TRACE_LOG:39,16,4.4485,0.6533,0.2445,0.00,4.67,7,4.6667,False,True,5.6435,1,21.88,1564123123.5906603
SIM_TRACE_LOG:39,17,4.5657,0.6825,0.2446,0.38,4.67,13,4.6667,False,True,6.1657,2,21.88,1564123123.6763074
SIM_TRACE_LOG:39,18,4.6226,0.6992,0.2585,-0.38,7.00,2,7.0000,False,True,6.4102,2,21.88,1564123123.737612
SIM_TRACE_LOG:39,19,4.7451,0.7328,0.2657,-0.38,4.67,1,4.6667,False,True,6.9567,3,21.88,1564123123.8007593
SIM_TRACE_LOG:39,20,4.8119,0.7485,0.2534,-0.19,7.00,5,7.0000,False,False,7.2539,4,21.88,1564123123.8606093
SIM_TRACE_LOG:39,21,4.9258,0.7746,0.2376,0.19,7.00,11,7.0000,False,False,7.7673,5,21.88,1564123123.9335897
SIM_TRACE_LOG:39,22,5.0462,0.8059,0.2492,-0.19,4.67,4,4.6667,False,False,8.3101,6,21.88,1564123124.0010004
SIM_TRACE_LOG:39,23,5.1666,0.8355,0.2420,0.38,4.67,13,4.6667,False,False,8.8561,7,21.88,1564123124.0670116
SIM_TRACE_LOG:39,24,5.2088,0.8280,0.4260,0.38,7.00,14,7.0000,False,False,9.0511,7,21.88,1564123124.1376362
SIM_TRACE_LOG:39,25,5.2354,0.8231,0.6552,0.38,7.00,14,7.0000,False,False,9.1844,7,21.88,1564123124.2048573
SIM_TRACE_LOG:39,26,5.2568,0.8232,0.8440,-0.19,2.33,3,2.3333,False,False,9.2821,7,21.88,1564123124.2718124
SIM_TRACE_LOG:39,27,5.2752,0.8266,1.0014,0.38,7.00,14,7.0000,False,False,9.3648,7,21.88,1564123124.3395615
SIM_TRACE_LOG:39,28,5.2954,0.8347,1.1971,-0.38,4.67,1,4.6667,False,False,9.4540,8,21.88,1564123124.409363
SIM_TRACE_LOG:39,29,5.3156,0.8489,1.4192,0.19,4.67,10,4.6667,False,False,9.5420,8,21.88,1564123124.483252
SIM_TRACE_LOG:39,30,5.3226,0.8570,1.5222,0.38,7.00,14,7.0000,False,False,9.5709,8,21.88,1564123124.5453014
SIM_TRACE_LOG:39,31,5.3226,0.8571,1.5213,-0.19,7.00,5,7.0000,False,False,9.5711,8,21.88,1564123124.6070447
SIM_TRACE_LOG:39,32,5.3227,0.8570,1.5216,0.19,2.33,9,2.3333,False,False,9.5713,8,21.88,1564123124.6985583
SIM_TRACE_LOG:39,33,5.3227,0.8571,1.5207,0.38,4.67,13,4.6667,False,False,9.5714,8,21.88,1564123124.754935
SIM_TRACE_LOG:39,34,5.3227,0.8571,1.5207,0.38,7.00,14,7.0000,False,False,9.5714,8,21.88,1564123124.8195078
SIM_TRACE_LOG:39,35,5.3227,0.8569,1.5199,0.19,2.33,9,2.3333,False,False,9.5714,8,21.88,1564123124.8797789
SIM_TRACE_LOG:39,36,5.3227,0.8571,1.5204,0.19,2.33,9,2.3333,False,False,9.5714,8,21.88,1564123124.9455817
SIM_TRACE_LOG:39,37,5.3227,0.8571,1.5207,0.19,2.33,9,2.3333,False,False,9.5714,8,21.88,1564123125.0257351
SIM_TRACE_LOG:39,38,5.3226,0.8571,1.5207,-0.38,4.67,1,4.6667,False,False,9.5714,8,21.88,1564123125.0816586
SIM_TRACE_LOG:39,39,5.3227,0.8571,1.5207,0.00,7.00,8,7.0000,False,False,9.5715,8,21.88,1564123125.1588476
SIM_TRACE_LOG:39,40,5.3227,0.8571,1.5207,0.00,2.33,6,2.3333,False,False,9.5715,8,21.88,1564123125.2269976
SIM_TRACE_LOG:39,41,5.3227,0.8571,1.5208,0.38,4.67,13,4.6667,False,False,9.5716,8,21.88,1564123125.2934291
SIM_TRACE_LOG:39,42,5.3227,0.8571,1.5207,-0.38,2.33,0,2.3333,False,False,9.5716,8,21.88,1564123125.3627782
SIM_TRACE_LOG:39,43,5.3227,0.8571,1.5207,0.19,7.00,11,7.0000,False,False,9.5716,8,21.88,1564123125.4657776
SIM_TRACE_LOG:39,44,5.3228,0.8570,1.5201,-0.38,4.67,1,4.6667,False,False,9.5718,8,21.88,1564123125.4995992
SIM_TRACE_LOG:39,45,5.3227,0.8571,1.5213,0.19,2.33,9,0.0000,True,False,9.5718,8,21.88,1564123125.5691366
