SIM_TRACE_LOG:0,0,3.0500,0.6832,0.0003,0.00,0.00,0,1.0000,False,True,0.7922,0,17.67,1563769206.8663661
SIM_TRACE_LOG:0,1,3.0502,0.6833,0.0007,-0.35,8.00,5,1.0000,False,True,0.7933,0,17.67,1563769207.1860852
SIM_TRACE_LOG:0,2,3.0516,0.6834,0.0011,-0.35,8.00,5,1.0000,False,True,0.8015,0,17.67,1563769207.2106082
SIM_TRACE_LOG:0,3,3.0629,0.6831,-0.0009,-0.35,8.00,5,1.0000,False,True,0.8651,0,17.67,1563769207.2717643
SIM_TRACE_LOG:0,4,3.0845,0.6826,-0.0037,-0.35,8.00,5,1.0000,False,True,0.9873,0,17.67,1563769207.3385143
SIM_TRACE_LOG:0,5,3.1194,0.6817,-0.0088,-0.35,8.00,5,1.0000,False,True,1.1850,1,17.67,1563769207.408497
SIM_TRACE_LOG:0,6,3.1774,0.6793,-0.0192,-0.35,8.00,5,1.0000,False,True,1.5129,1,17.67,1563769207.5324566
SIM_TRACE_LOG:0,7,3.2422,0.6759,-0.0320,-0.35,8.00,5,1.0000,False,True,1.8801,1,17.67,1563769207.5568733
SIM_TRACE_LOG:0,8,3.2947,0.6725,-0.0420,-0.35,8.00,5,1.0000,False,True,2.1768,1,17.67,1563769207.6045268
SIM_TRACE_LOG:0,9,3.3735,0.6663,-0.0586,-0.35,2.67,3,1.0000,False,True,2.6229,2,17.67,1563769207.6741772
SIM_TRACE_LOG:0,10,3.4379,0.6586,-0.0788,-0.17,2.67,6,1.0000,False,True,2.9874,2,17.67,1563769207.7424889
SIM_TRACE_LOG:0,11,3.4953,0.6504,-0.0994,-0.17,2.67,6,1.0000,False,True,3.3120,2,17.67,1563769207.810155
SIM_TRACE_LOG:0,12,3.5492,0.6413,-0.1215,-0.17,2.67,6,1.0000,False,True,3.6172,3,17.67,1563769207.878828
SIM_TRACE_LOG:0,13,3.6064,0.6310,-0.1399,0.52,8.00,20,1.0000,False,True,3.9408,3,17.67,1563769207.9414473
SIM_TRACE_LOG:0,14,3.6742,0.6197,-0.1474,-0.35,2.67,3,0.5000,False,True,4.3245,3,17.67,1563769208.0076866
SIM_TRACE_LOG:0,15,3.7291,0.6094,-0.1588,0.35,2.67,15,0.5000,False,True,4.6349,3,17.67,1563769208.0762577
SIM_TRACE_LOG:0,16,3.7848,0.5995,-0.1648,0.35,5.33,16,0.5000,False,True,4.9499,3,17.67,1563769208.1452456
SIM_TRACE_LOG:0,17,3.8575,0.5873,-0.1650,0.35,5.33,16,0.5000,False,True,5.3617,3,17.67,1563769208.2150986
SIM_TRACE_LOG:0,18,3.9388,0.5747,-0.1603,0.35,5.33,16,0.5000,False,True,5.8216,4,17.67,1563769208.2835171
SIM_TRACE_LOG:0,19,4.0337,0.5618,-0.1467,0.35,5.33,16,0.5000,False,True,6.3584,4,17.67,1563769208.3467028
SIM_TRACE_LOG:0,20,4.1211,0.5532,-0.1230,0.35,5.33,16,0.5000,False,True,6.8530,4,17.67,1563769208.4093454
SIM_TRACE_LOG:0,21,4.2328,0.5479,-0.0796,0.35,5.33,16,0.5000,False,True,7.4854,4,17.67,1563769208.4783962
SIM_TRACE_LOG:0,22,4.3348,0.5498,-0.0275,0.35,5.33,16,0.5000,False,True,8.0626,4,17.67,1563769208.5440252
SIM_TRACE_LOG:0,23,4.4390,0.5584,0.0301,-0.17,5.33,7,0.5000,False,True,8.6519,5,17.67,1563769208.6128843
SIM_TRACE_LOG:0,24,4.5519,0.5677,0.0594,-0.35,8.00,5,0.5000,False,True,9.2908,6,17.67,1563769208.6811824
SIM_TRACE_LOG:0,25,4.6671,0.5783,0.0757,-0.17,2.67,6,0.5000,False,True,9.9426,6,17.67,1563769208.74588
SIM_TRACE_LOG:0,26,4.7719,0.5861,0.0738,-0.35,2.67,3,0.5000,False,True,10.5356,6,17.67,1563769208.813837
SIM_TRACE_LOG:0,27,4.8603,0.5883,0.0496,-0.35,2.67,3,0.5000,False,True,11.0362,6,17.67,1563769208.8819463
SIM_TRACE_LOG:0,28,4.9295,0.5873,0.0227,-0.17,2.67,6,0.5000,False,True,11.4277,6,17.67,1563769208.946384
SIM_TRACE_LOG:0,29,4.9964,0.5845,-0.0024,-0.17,2.67,6,0.5000,False,True,11.8063,7,17.67,1563769209.0168407
SIM_TRACE_LOG:0,30,5.0498,0.5815,-0.0194,0.00,2.67,9,0.5000,False,True,12.1083,7,17.67,1563769209.0819755
SIM_TRACE_LOG:0,31,5.1026,0.5796,-0.0245,0.35,2.67,15,0.5000,False,True,12.4075,7,17.67,1563769209.1493666
SIM_TRACE_LOG:0,32,5.1551,0.5792,-0.0189,0.35,2.67,15,0.5000,False,True,12.7045,7,17.67,1563769209.2150285
SIM_TRACE_LOG:0,33,5.2120,0.5810,-0.0025,0.35,2.67,15,0.5000,False,True,13.0264,7,17.67,1563769209.2836776
SIM_TRACE_LOG:0,34,5.2622,0.5844,0.0192,0.35,2.67,15,0.5000,False,True,13.3106,7,17.67,1563769209.347792
SIM_TRACE_LOG:0,35,5.3170,0.5897,0.0442,-0.52,8.00,2,0.5000,False,True,13.6203,7,17.67,1563769209.4147727
SIM_TRACE_LOG:0,36,5.3861,0.5926,0.0424,-0.52,8.00,2,0.5000,False,True,14.0113,8,17.67,1563769209.4818187
SIM_TRACE_LOG:0,37,5.4750,0.5905,0.0102,-0.52,8.00,2,0.5000,False,True,14.5146,8,17.67,1563769209.5504293
SIM_TRACE_LOG:0,38,5.5610,0.5841,-0.0425,-0.17,2.67,6,0.5000,False,True,15.0013,8,17.67,1563769209.6145718
SIM_TRACE_LOG:0,39,5.6405,0.5721,-0.0946,-0.35,2.67,3,0.5000,False,True,15.4510,9,17.67,1563769209.6813462
SIM_TRACE_LOG:0,40,5.7163,0.5563,-0.1412,0.35,5.33,16,0.5000,False,True,15.8801,9,17.67,1563769209.7498121
SIM_TRACE_LOG:0,41,5.7909,0.5426,-0.1614,0.52,2.67,18,0.5000,False,True,16.2902,9,17.67,1563769209.8155534
SIM_TRACE_LOG:0,42,5.8600,0.5327,-0.1539,0.17,2.67,12,0.1000,False,True,16.6799,9,17.67,1563769209.885025
SIM_TRACE_LOG:0,43,5.9212,0.5247,-0.1445,0.17,2.67,12,0.1000,False,True,17.0254,9,17.67,1563769209.9543657
SIM_TRACE_LOG:0,44,5.9711,0.5200,-0.1294,0.52,2.67,18,0.1000,False,True,17.3074,9,17.67,1563769210.0174866
SIM_TRACE_LOG:0,45,6.0238,0.5181,-0.1002,0.52,2.67,18,0.1000,False,True,17.6054,9,17.67,1563769210.0830462
SIM_TRACE_LOG:0,46,6.0741,0.5195,-0.0626,0.52,2.67,18,0.1000,False,True,17.8900,10,17.67,1563769210.1523645
SIM_TRACE_LOG:0,47,6.1300,0.5253,-0.0071,0.52,8.00,20,0.1000,False,True,18.2072,10,17.67,1563769210.2186754
SIM_TRACE_LOG:0,48,6.2000,0.5387,0.0740,0.17,5.33,13,0.1000,False,True,18.6045,10,17.67,1563769210.2851315
SIM_TRACE_LOG:0,49,6.2693,0.5580,0.1580,0.52,2.67,18,0.5000,False,True,18.9984,10,17.67,1563769210.3506618
SIM_TRACE_LOG:0,50,6.3266,0.5806,0.2363,0.35,2.67,15,0.5000,False,True,19.2586,10,17.67,1563769210.416876
SIM_TRACE_LOG:0,51,6.3771,0.6052,0.3033,0.35,2.67,15,0.5000,False,True,19.5589,10,17.67,1563769210.4877
SIM_TRACE_LOG:0,52,6.4359,0.6392,0.3840,0.35,2.67,15,0.5000,False,True,19.9117,11,17.67,1563769210.6310263
SIM_TRACE_LOG:0,53,6.4846,0.6730,0.4562,0.52,8.00,20,1.0000,False,True,20.1969,11,17.67,1563769210.6555817
SIM_TRACE_LOG:0,61,6.7607,0.9977,0.8983,0.00,2.67,9,0.5000,False,True,22.5266,14,17.67,1563769211.159821
SIM_TRACE_LOG:0,55,6.5480,0.7296,0.5781,0.52,2.67,18,1.0000,False,True,20.6015,12,17.67,1563769210.755592
SIM_TRACE_LOG:0,56,6.5902,0.7759,0.6693,0.00,5.33,10,1.0000,False,True,20.9223,12,17.67,1563769210.8255043
SIM_TRACE_LOG:0,57,6.6322,0.8250,0.7471,-0.35,2.67,3,1.0000,False,True,21.2477,13,17.67,1563769210.8922198
SIM_TRACE_LOG:0,58,6.6663,0.8677,0.7957,0.00,2.67,9,0.5000,False,True,21.5185,13,17.67,1563769210.9578283
SIM_TRACE_LOG:0,59,6.6987,0.9108,0.8368,0.00,2.67,9,0.5000,False,True,21.8759,13,17.67,1563769211.028004
SIM_TRACE_LOG:0,60,6.7288,0.9523,0.8697,0.00,2.67,9,0.5000,False,True,22.1440,14,17.67,1563769211.0897162
SIM_TRACE_LOG:0,54,6.5063,0.6902,0.4941,0.52,8.00,20,1.0000,False,True,20.3339,12,17.67,1563769210.6881096
SIM_TRACE_LOG:0,62,6.7930,1.0455,0.9251,0.00,5.33,10,0.1000,False,True,22.8387,14,17.67,1563769211.2290032
SIM_TRACE_LOG:0,63,6.8274,1.0965,0.9497,-0.35,2.67,3,0.1000,False,True,23.1710,15,17.67,1563769211.2911522
SIM_TRACE_LOG:0,64,6.8622,1.1464,0.9542,-0.35,2.67,3,0.1000,False,True,23.7707,15,17.67,1563769211.3662968
SIM_TRACE_LOG:0,65,6.8909,1.1860,0.9503,-0.17,2.67,6,0.1000,False,True,24.0475,15,17.67,1563769211.430441
SIM_TRACE_LOG:0,66,6.9232,1.2314,0.9510,0.35,5.33,16,0.1000,False,True,24.3627,16,17.67,1563769211.4915133
SIM_TRACE_LOG:0,67,6.9572,1.2834,0.9650,0.35,2.67,15,0.1000,False,True,24.8696,16,17.67,1563769211.5585287
SIM_TRACE_LOG:0,68,6.9832,1.3282,0.9846,0.52,2.67,18,0.1000,False,True,25.1629,17,17.67,1563769211.624567
SIM_TRACE_LOG:0,69,7.0084,1.3767,1.0192,0.35,2.67,15,0.1000,False,True,25.7644,17,17.67,1563769211.6951413
SIM_TRACE_LOG:0,70,7.0314,1.4273,1.0607,0.52,5.33,19,0.1000,False,True,26.0730,17,17.67,1563769211.7602968
SIM_TRACE_LOG:0,77,7.0718,2.0294,1.6710,0.52,8.00,20,0.5000,False,True,30.0721,20,17.67,1563769212.228784
SIM_TRACE_LOG:0,72,7.0760,1.5694,1.2033,0.52,2.67,18,0.1000,False,True,26.9129,18,17.67,1563769211.8927317
SIM_TRACE_LOG:0,73,7.0875,1.6354,1.2782,0.17,5.33,13,0.1000,False,True,27.2917,18,17.67,1563769211.9590294
SIM_TRACE_LOG:0,74,7.0965,1.7193,1.3635,0.17,5.33,13,0.1000,False,True,27.7654,18,17.67,1563769212.0268574
SIM_TRACE_LOG:0,75,7.0991,1.8130,1.4532,0.17,5.33,13,0.1000,False,True,28.6618,19,17.67,1563769212.0920446
SIM_TRACE_LOG:0,76,7.0929,1.9147,1.5506,0.52,8.00,20,0.5000,False,True,29.4217,20,17.67,1563769212.159669
SIM_TRACE_LOG:0,71,7.0544,1.4934,1.1299,0.17,5.33,13,0.1000,False,True,26.4662,17,17.67,1563769211.8260195
SIM_TRACE_LOG:0,78,7.0358,2.1428,1.8173,-0.52,2.67,0,0.5000,False,True,30.7447,21,17.67,1563769212.294751
SIM_TRACE_LOG:0,79,6.9952,2.2420,1.9586,-0.52,2.67,0,0.5000,False,True,31.5722,21,17.67,1563769212.364383
SIM_TRACE_LOG:0,80,6.9582,2.3182,2.0449,-0.52,2.67,0,0.5000,False,True,32.0405,22,17.67,1563769212.4312878
SIM_TRACE_LOG:0,81,6.9218,2.3899,2.0837,-0.52,2.67,0,0.5000,False,True,32.5949,22,17.67,1563769212.4986906
SIM_TRACE_LOG:0,82,6.8916,2.4465,2.0772,0.52,2.67,18,1.0000,False,True,32.9285,22,17.67,1563769212.564971
SIM_TRACE_LOG:0,83,6.8667,2.4910,2.0785,-0.17,2.67,6,1.0000,False,True,33.1959,22,17.67,1563769212.6306682
SIM_TRACE_LOG:0,84,6.8365,2.5428,2.0861,0.52,8.00,20,1.0000,False,True,33.5132,23,17.67,1563769212.7001023
SIM_TRACE_LOG:0,85,6.7993,2.6004,2.1101,0.17,5.33,13,1.0000,False,True,33.8814,23,17.67,1563769212.7652242
SIM_TRACE_LOG:0,86,6.7491,2.6703,2.1504,0.52,8.00,20,1.0000,False,True,34.3504,23,17.67,1563769212.8329315
SIM_TRACE_LOG:0,87,6.6921,2.7384,2.2167,0.00,2.67,9,0.5000,False,True,34.7470,23,17.67,1563769212.8996024
SIM_TRACE_LOG:0,88,6.6339,2.8027,2.2625,-0.35,8.00,5,0.5000,False,True,35.1907,24,17.67,1563769212.9658494
SIM_TRACE_LOG:0,89,6.5754,2.8706,2.2774,-0.35,2.67,3,0.5000,False,True,35.5325,24,17.67,1563769213.0322044
SIM_TRACE_LOG:0,90,6.5241,2.9313,2.2761,-0.17,2.67,6,0.1000,False,True,35.7225,24,17.67,1563769213.1002173
SIM_TRACE_LOG:0,91,6.4811,2.9824,2.2741,-0.17,2.67,6,0.1000,False,False,35.9941,24,17.67,1563769213.16422
SIM_TRACE_LOG:0,92,6.4463,3.0268,2.2608,-0.17,2.67,6,0.1000,False,False,36.2154,24,17.67,1563769213.23177
SIM_TRACE_LOG:0,93,6.4123,3.0715,2.2475,-0.35,5.33,4,0.0010,False,False,36.4327,24,17.67,1563769213.3016868
SIM_TRACE_LOG:0,94,6.3749,3.1289,2.2076,-0.35,5.33,4,0.0010,False,False,36.6759,24,17.67,1563769213.3665879
SIM_TRACE_LOG:0,95,6.3344,3.2053,2.1359,-0.52,5.33,1,0.0000,True,False,36.9479,25,17.67,1563769213.4350958
Testing - Name: main_level/agent Worker: 0 Episode: 1 Total reward: 47.9 Steps: 95 Training iteration: 0


SIM_TRACE_LOG: episode, step, x-coordinate, y-coordinate,
heading, steering_angle, speed, action_taken, reward, job_completed, all_wheels_on_track, progress,
closest_waypoint_index, track_length, time.time()
